# JRE version: Java(TM) SE Runtime Environment (7.0_79-b15) (build 1.7.0_79-b15)
# Java VM: Java HotSpot(TM) 64-Bit Server VM (24.79-b02 mixed mode windows-amd64 compressed oops)
Heap
 PSYoungGen      total 199168K, used 96436K [0x00000000eaa80000, 0x00000000fde80000, 0x0000000100000000)
  eden space 169984K, 39% used [0x00000000eaa80000,0x00000000eec33b80,0x00000000f5080000)
  from space 29184K, 99% used [0x00000000fc200000,0x00000000fde797f0,0x00000000fde80000)
  to   space 35328K, 0% used [0x00000000f9980000,0x00000000f9980000,0x00000000fbc00000)
 ParOldGen       total 86528K, used 43435K [0x00000000c0000000, 0x00000000c5480000, 0x00000000eaa80000)
  object space 86528K, 50% used [0x00000000c0000000,0x00000000c2a6ae20,0x00000000c5480000)
 PSPermGen       total 21504K, used 6425K [0x00000000bae00000, 0x00000000bc300000, 0x00000000c0000000)
  object space 21504K, 29% used [0x00000000bae00000,0x00000000bb4467a8,0x00000000bc300000)
GC Heap History (10 events):
Event: 12.429 GC heap before
{Heap before GC invocations=5 (full 0):
 PSYoungGen      total 68096K, used 68070K [0x00000000eaa80000, 0x00000000eef80000, 0x0000000100000000)
  eden space 65536K, 100% used [0x00000000eaa80000,0x00000000eea80000,0x00000000eea80000)
  from space 2560K, 98% used [0x00000000eed00000,0x00000000eef79898,0x00000000eef80000)
  to   space 2560K, 0% used [0x00000000eea80000,0x00000000eea80000,0x00000000eed00000)
 ParOldGen       total 42496K, used 11846K [0x00000000c0000000, 0x00000000c2980000, 0x00000000eaa80000)
  object space 42496K, 27% used [0x00000000c0000000,0x00000000c0b91a68,0x00000000c2980000)
 PSPermGen       total 21504K, used 5977K [0x00000000bae00000, 0x00000000bc300000, 0x00000000c0000000)
  object space 21504K, 27% used [0x00000000bae00000,0x00000000bb3d66a0,0x00000000bc300000)
Event: 12.501 GC heap after
Heap after GC invocations=5 (full 0):
 PSYoungGen      total 68096K, used 2544K [0x00000000eaa80000, 0x00000000f4880000, 0x0000000100000000)
  eden space 65536K, 0% used [0x00000000eaa80000,0x00000000eaa80000,0x00000000eea80000)
  from space 2560K, 99% used [0x00000000eea80000,0x00000000eecfc318,0x00000000eed00000)
  to   space 15360K, 0% used [0x00000000f3980000,0x00000000f3980000,0x00000000f4880000)
 ParOldGen       total 42496K, used 22500K [0x00000000c0000000, 0x00000000c2980000, 0x00000000eaa80000)
  object space 42496K, 52% used [0x00000000c0000000,0x00000000c15f91e0,0x00000000c2980000)
 PSPermGen       total 21504K, used 5977K [0x00000000bae00000, 0x00000000bc300000, 0x00000000c0000000)
  object space 21504K, 27% used [0x00000000bae00000,0x00000000bb3d66a0,0x00000000bc300000)
}
Event: 13.687 GC heap before
{Heap before GC invocations=6 (full 0):
 PSYoungGen      total 68096K, used 68080K [0x00000000eaa80000, 0x00000000f4880000, 0x0000000100000000)
  eden space 65536K, 100% used [0x00000000eaa80000,0x00000000eea80000,0x00000000eea80000)
  from space 2560K, 99% used [0x00000000eea80000,0x00000000eecfc318,0x00000000eed00000)
  to   space 15360K, 0% used [0x00000000f3980000,0x00000000f3980000,0x00000000f4880000)
 ParOldGen       total 42496K, used 22500K [0x00000000c0000000, 0x00000000c2980000, 0x00000000eaa80000)
  object space 42496K, 52% used [0x00000000c0000000,0x00000000c15f91e0,0x00000000c2980000)
 PSPermGen       total 21504K, used 6018K [0x00000000bae00000, 0x00000000bc300000, 0x00000000c0000000)
  object space 21504K, 27% used [0x00000000bae00000,0x00000000bb3e0910,0x00000000bc300000)
Event: 13.811 GC heap after
Heap after GC invocations=6 (full 0):
 PSYoungGen      total 143872K, used 13888K [0x00000000eaa80000, 0x00000000f4d80000, 0x0000000100000000)
  eden space 128512K, 0% used [0x00000000eaa80000,0x00000000eaa80000,0x00000000f2800000)
  from space 15360K, 90% used [0x00000000f3980000,0x00000000f4710368,0x00000000f4880000)
  to   space 17920K, 0% used [0x00000000f2800000,0x00000000f2800000,0x00000000f3980000)
 ParOldGen       total 42496K, used 22500K [0x00000000c0000000, 0x00000000c2980000, 0x00000000eaa80000)
  object space 42496K, 52% used [0x00000000c0000000,0x00000000c15f91e0,0x00000000c2980000)
 PSPermGen       total 21504K, used 6018K [0x00000000bae00000, 0x00000000bc300000, 0x00000000c0000000)
  object space 21504K, 27% used [0x00000000bae00000,0x00000000bb3e0910,0x00000000bc300000)
}
Event: 16.776 GC heap before
{Heap before GC invocations=7 (full 0):
 PSYoungGen      total 143872K, used 142400K [0x00000000eaa80000, 0x00000000f4d80000, 0x0000000100000000)
  eden space 128512K, 100% used [0x00000000eaa80000,0x00000000f2800000,0x00000000f2800000)
  from space 15360K, 90% used [0x00000000f3980000,0x00000000f4710368,0x00000000f4880000)
  to   space 17920K, 0% used [0x00000000f2800000,0x00000000f2800000,0x00000000f3980000)
 ParOldGen       total 42496K, used 22500K [0x00000000c0000000, 0x00000000c2980000, 0x00000000eaa80000)
  object space 42496K, 52% used [0x00000000c0000000,0x00000000c15f91e0,0x00000000c2980000)
 PSPermGen       total 21504K, used 6090K [0x00000000bae00000, 0x00000000bc300000, 0x00000000c0000000)
  object space 21504K, 28% used [0x00000000bae00000,0x00000000bb3f2b50,0x00000000bc300000)
Event: 17.225 GC heap after
Heap after GC invocations=7 (full 0):
 PSYoungGen      total 146432K, used 17903K [0x00000000eaa80000, 0x00000000fde80000, 0x0000000100000000)
  eden space 128512K, 0% used [0x00000000eaa80000,0x00000000eaa80000,0x00000000f2800000)
  from space 17920K, 99% used [0x00000000f2800000,0x00000000f397bcd8,0x00000000f3980000)
  to   space 29184K, 0% used [0x00000000fc200000,0x00000000fc200000,0x00000000fde80000)
 ParOldGen       total 42496K, used 38168K [0x00000000c0000000, 0x00000000c2980000, 0x00000000eaa80000)
  object space 42496K, 89% used [0x00000000c0000000,0x00000000c25463c8,0x00000000c2980000)
 PSPermGen       total 21504K, used 6090K [0x00000000bae00000, 0x00000000bc300000, 0x00000000c0000000)
  object space 21504K, 28% used [0x00000000bae00000,0x00000000bb3f2b50,0x00000000bc300000)
}
Event: 17.231 GC heap before
{Heap before GC invocations=8 (full 1):
 PSYoungGen      total 146432K, used 17903K [0x00000000eaa80000, 0x00000000fde80000, 0x0000000100000000)
  eden space 128512K, 0% used [0x00000000eaa80000,0x00000000eaa80000,0x00000000f2800000)
  from space 17920K, 99% used [0x00000000f2800000,0x00000000f397bcd8,0x00000000f3980000)
  to   space 29184K, 0% used [0x00000000fc200000,0x00000000fc200000,0x00000000fde80000)
 ParOldGen       total 42496K, used 38168K [0x00000000c0000000, 0x00000000c2980000, 0x00000000eaa80000)
  object space 42496K, 89% used [0x00000000c0000000,0x00000000c25463c8,0x00000000c2980000)
 PSPermGen       total 21504K, used 6090K [0x00000000bae00000, 0x00000000bc300000, 0x00000000c0000000)
  object space 21504K, 28% used [0x00000000bae00000,0x00000000bb3f2b50,0x00000000bc300000)
Event: 20.538 GC heap after
Heap after GC invocations=8 (full 1):
 PSYoungGen      total 146432K, used 10714K [0x00000000eaa80000, 0x00000000fde80000, 0x0000000100000000)
  eden space 128512K, 0% used [0x00000000eaa80000,0x00000000eaa80000,0x00000000f2800000)
  from space 17920K, 59% used [0x00000000f2800000,0x00000000f3276810,0x00000000f3980000)
  to   space 29184K, 0% used [0x00000000fc200000,0x00000000fc200000,0x00000000fde80000)
 ParOldGen       total 86528K, used 42466K [0x00000000c0000000, 0x00000000c5480000, 0x00000000eaa80000)
  object space 86528K, 49% used [0x00000000c0000000,0x00000000c2978b18,0x00000000c5480000)
 PSPermGen       total 21504K, used 6085K [0x00000000bae00000, 0x00000000bc300000, 0x00000000c0000000)
  object space 21504K, 28% used [0x00000000bae00000,0x00000000bb3f14d0,0x00000000bc300000)
}
Event: 23.551 GC heap before
{Heap before GC invocations=9 (full 1):
 PSYoungGen      total 146432K, used 139226K [0x00000000eaa80000, 0x00000000fde80000, 0x0000000100000000)
  eden space 128512K, 100% used [0x00000000eaa80000,0x00000000f2800000,0x00000000f2800000)
  from space 17920K, 59% used [0x00000000f2800000,0x00000000f3276810,0x00000000f3980000)
  to   space 29184K, 0% used [0x00000000fc200000,0x00000000fc200000,0x00000000fde80000)
 ParOldGen       total 86528K, used 42466K [0x00000000c0000000, 0x00000000c5480000, 0x00000000eaa80000)
  object space 86528K, 49% used [0x00000000c0000000,0x00000000c2978b18,0x00000000c5480000)
 PSPermGen       total 21504K, used 6106K [0x00000000bae00000, 0x00000000bc300000, 0x00000000c0000000)
  object space 21504K, 28% used [0x00000000bae00000,0x00000000bb3f6900,0x00000000bc300000)
Event: 24.200 GC heap after
Heap after GC invocations=9 (full 1):
 PSYoungGen      total 199168K, used 29157K [0x00000000eaa80000, 0x00000000fde80000, 0x0000000100000000)
  eden space 169984K, 0% used [0x00000000eaa80000,0x00000000eaa80000,0x00000000f5080000)
  from space 29184K, 99% used [0x00000000fc200000,0x00000000fde797f0,0x00000000fde80000)
  to   space 35328K, 0% used [0x00000000f9980000,0x00000000f9980000,0x00000000fbc00000)
 ParOldGen       total 86528K, used 43435K [0x00000000c0000000, 0x00000000c5480000, 0x00000000eaa80000)
  object space 86528K, 50% used [0x00000000c0000000,0x00000000c2a6ae20,0x00000000c5480000)
 PSPermGen       total 21504K, used 6106K [0x00000000bae00000, 0x00000000bc300000, 0x00000000c0000000)
  object space 21504K, 28% used [0x00000000bae00000,0x00000000bb3f6900,0x00000000bc300000)
}

